Arguments: 
  /usr/bin/node /usr/bin/yarn install

PATH: 
  /home/mahan/.cargo/bin:/home/mahan/.local/bin:/usr/local/sbin:/usr/local/bin:/usr/bin:/var/lib/flatpak/exports/bin:/usr/bin/site_perl:/usr/bin/vendor_perl:/usr/bin/core_perl:/var/lib/snapd/snap/bin:/opt/VSCode-linux-x64/:/opt/VSCode-linux-x64/

Yarn version: 
  1.22.19

Node version: 
  20.5.0

Platform: 
  linux x64

Trace: 
  AggregateError
      at internalConnectMultiple (node:net:1114:18)
      at internalConnectMultiple (node:net:1177:5)
      at Timeout.internalConnectMultipleTimeout (node:net:1687:3)
      at listOnTimeout (node:internal/timers:575:11)
      at process.processTimers (node:internal/timers:514:7)

npm manifest: 
  {
  	"name": "docs",
  	"version": "0.0.1",
  	"private": true,
  	"scripts": {
  		"dev": "vite dev",
  		"build": "vite build",
  		"preview": "vite preview",
  		"check": "svelte-kit sync && svelte-check --tsconfig ./jsconfig.json",
  		"check:watch": "svelte-kit sync && svelte-check --tsconfig ./jsconfig.json --watch"
  	},
  	"devDependencies": {
  		"@sveltejs/adapter-auto": "^2.0.0",
  		"@sveltejs/kit": "^1.20.4",
  		"svelte": "^4.0.5",
  		"svelte-check": "^3.4.3",
  		"typescript": "^5.0.0",
  		"vite": "^4.4.2"
  	},
  	"type": "module"
  }

yarn manifest: 
  No manifest

Lockfile: 
  No lockfile
